{"numTotalTestSuites":217,"numPassedTestSuites":206,"numFailedTestSuites":11,"numPendingTestSuites":0,"numTotalTests":682,"numPassedTests":675,"numFailedTests":7,"numPendingTests":0,"numTodoTests":0,"snapshot":{"added":0,"failure":false,"filesAdded":0,"filesRemoved":0,"filesRemovedList":[],"filesUnmatched":0,"filesUpdated":0,"matched":0,"total":0,"unchecked":0,"uncheckedKeysByFile":[],"unmatched":0,"updated":0,"didUpdate":false},"startTime":1780242372298,"success":false,"testResults":[{"assertionResults":[{"ancestorTitles":["i18n locale completeness"],"fullName":"i18n locale completeness en.json has at least one key (sanity check)","status":"passed","title":"en.json has at least one key (sanity check)","duration":5.901300000000447,"failureMessages":[],"meta":{},"tags":[]},{"ancestorTitles":["i18n locale completeness","pt.json"],"fullName":"i18n locale completeness pt.json contains every key present in en.json","status":"passed","title":"contains every key present in en.json","duration":4.412499999999454,"failureMessages":[],"meta":{},"tags":[]},{"ancestorTitles":["i18n locale completeness","pt.json"],"fullName":"i18n locale completeness pt.json has no keys that are missing from en.json (no orphaned translations)","status":"passed","title":"has no keys that are missing from en.json (no orphaned translations)","duration":3.986499999999978,"failureMessages":[],"meta":{},"tags":[]},{"ancestorTitles":["i18n locale completeness","es.json"],"fullName":"i18n locale completeness es.json contains every key present in en.json","status":"passed","title":"contains every key present in en.json","duration":2.307600000000093,"failureMessages":[],"meta":{},"tags":[]},{"ancestorTitles":["i18n locale completeness","es.json"],"fullName":"i18n locale completeness es.json has no keys that are missing from en.json (no orphaned translations)","status":"passed","title":"has no keys that are missing from en.json (no orphaned translations)","duration":3.4426000000003114,"failureMessages":[],"meta":{},"tags":[]}],"startTime":1780242409951,"endTime":1780242409972.4426,"status":"passed","message":"","name":"C:/Users/scp_i/.gemini/antigravity/scratch/proman/messages/locales.test.ts"},{"assertionResults":[],"startTime":1780242372298,"endTime":1780242372298,"status":"failed","message":"Failed to resolve import \"react-i18next\" from \"components/building-detail.tsx\". Does the file exist?","name":"C:/Users/scp_i/.gemini/antigravity/scratch/proman/tests/building-detail.test.tsx"},{"assertionResults":[],"startTime":1780242372298,"endTime":1780242372298,"status":"failed","message":"Failed to resolve import \"react-i18next\" from \"components/lease-management.tsx\". Does the file exist?","name":"C:/Users/scp_i/.gemini/antigravity/scratch/proman/tests/lease-management.test.tsx"},{"assertionResults":[{"ancestorTitles":["Sidebar"],"fullName":"Sidebar renders menu and calls onTabChange when button clicked","status":"passed","title":"renders menu and calls onTabChange when button clicked","duration":226.79190000000017,"failureMessages":[],"meta":{},"tags":[]},{"ancestorTitles":["Sidebar"],"fullName":"Sidebar shows user info when session present","status":"passed","title":"shows user info when session present","duration":99.6907000000001,"failureMessages":[],"meta":{},"tags":[]},{"ancestorTitles":["Sidebar"],"fullName":"Sidebar hides labels when collapsed and shows header toggle","status":"passed","title":"hides labels when collapsed and shows header toggle","duration":105.69290000000001,"failureMessages":[],"meta":{},"tags":[]},{"ancestorTitles":["Sidebar"],"fullName":"Sidebar shows labels when expanded and username is visible","status":"passed","title":"shows labels when expanded and username is visible","duration":73.29719999999998,"failureMessages":[],"meta":{},"tags":[]}],"startTime":1780242385030,"endTime":1780242385535.297,"status":"passed","message":"","name":"C:/Users/scp_i/.gemini/antigravity/scratch/proman/components/layouts/sidebar.test.tsx"},{"assertionResults":[{"ancestorTitles":["DevAuthProvider"],"fullName":"DevAuthProvider provides a dev session when enabled in development","status":"passed","title":"provides a dev session when enabled in development","duration":102.4376999999995,"failureMessages":[],"meta":{},"tags":[]},{"ancestorTitles":["DevAuthProvider"],"fullName":"DevAuthProvider does not inject dev session when not enabled","status":"passed","title":"does not inject dev session when not enabled","duration":26.545500000000175,"failureMessages":[],"meta":{},"tags":[]}],"startTime":1780242392381,"endTime":1780242392511.5454,"status":"passed","message":"","name":"C:/Users/scp_i/.gemini/antigravity/scratch/proman/components/shared/dev-auth.test.tsx"},{"assertionResults":[{"ancestorTitles":["ErrorBoundary"],"fullName":"ErrorBoundary renders default fallback when child throws","status":"passed","title":"renders default fallback when child throws","duration":157.95079999999962,"failureMessages":[],"meta":{},"tags":[]},{"ancestorTitles":["ErrorBoundary"],"fullName":"ErrorBoundary uses custom fallback when provided","status":"passed","title":"uses custom fallback when provided","duration":20.649900000000343,"failureMessages":[],"meta":{},"tags":[]}],"startTime":1780242391474,"endTime":1780242391652.65,"status":"passed","message":"","name":"C:/Users/scp_i/.gemini/antigravity/scratch/proman/components/shared/error-boundary.test.tsx"},{"assertionResults":[{"ancestorTitles":["VersionBadge"],"fullName":"VersionBadge renders nothing when fetch fails","status":"passed","title":"renders nothing when fetch fails","duration":50.275400000000445,"failureMessages":[],"meta":{},"tags":[]},{"ancestorTitles":["VersionBadge"],"fullName":"VersionBadge renders version when fetch succeeds","status":"passed","title":"renders version when fetch succeeds","duration":51.35530000000017,"failureMessages":[],"meta":{},"tags":[]}],"startTime":1780242395075,"endTime":1780242395177.3552,"status":"passed","message":"","name":"C:/Users/scp_i/.gemini/antigravity/scratch/proman/components/shared/version-badge.test.tsx"},{"assertionResults":[{"ancestorTitles":["Avatar component"],"fullName":"Avatar component applies className to root Avatar","status":"passed","title":"applies className to root Avatar","duration":80.86620000000039,"failureMessages":[],"meta":{},"tags":[]},{"ancestorTitles":["Avatar component"],"fullName":"Avatar component renders fallback when image not present","status":"passed","title":"renders fallback when image not present","duration":39.30160000000069,"failureMessages":[],"meta":{},"tags":[]},{"ancestorTitles":["Avatar component"],"fullName":"Avatar component renders image when provided","status":"passed","title":"renders image when provided","duration":13.999299999999494,"failureMessages":[],"meta":{},"tags":[]}],"startTime":1780242392549,"endTime":1780242392683.9993,"status":"passed","message":"","name":"C:/Users/scp_i/.gemini/antigravity/scratch/proman/components/ui/avatar.test.tsx"},{"assertionResults":[{"ancestorTitles":["Badge component"],"fullName":"Badge component renders children and variant class","status":"passed","title":"renders children and variant class","duration":88.77189999999973,"failureMessages":[],"meta":{},"tags":[]}],"startTime":1780242398793,"endTime":1780242398881.772,"status":"passed","message":"","name":"C:/Users/scp_i/.gemini/antigravity/scratch/proman/components/ui/badge.test.tsx"},{"assertionResults":[{"ancestorTitles":["Button component"],"fullName":"Button component renders children and applies variant classes","status":"passed","title":"renders children and applies variant classes","duration":400.20620000000054,"failureMessages":[],"meta":{},"tags":[]},{"ancestorTitles":["Button component"],"fullName":"Button component supports className and size","status":"passed","title":"supports className and size","duration":49.25330000000031,"failureMessages":[],"meta":{},"tags":[]}],"startTime":1780242383284,"endTime":1780242383733.2534,"status":"passed","message":"","name":"C:/Users/scp_i/.gemini/antigravity/scratch/proman/components/ui/button.test.tsx"},{"assertionResults":[{"ancestorTitles":["Card component"],"fullName":"Card component renders header, title, description, content and footer","status":"passed","title":"renders header, title, description, content and footer","duration":98.79110000000037,"failureMessages":[],"meta":{},"tags":[]}],"startTime":1780242395537,"endTime":1780242395635.791,"status":"passed","message":"","name":"C:/Users/scp_i/.gemini/antigravity/scratch/proman/components/ui/card.test.tsx"},{"assertionResults":[{"ancestorTitles":["Dialog component"],"fullName":"Dialog component opens when trigger is clicked and shows title/description","status":"passed","title":"opens when trigger is clicked and shows title/description","duration":594.8384999999998,"failureMessages":[],"meta":{},"tags":[]}],"startTime":1780242378854,"endTime":1780242379448.8384,"status":"passed","message":"","name":"C:/Users/scp_i/.gemini/antigravity/scratch/proman/components/ui/dialog.test.tsx"},{"assertionResults":[{"ancestorTitles":["ExportButton"],"fullName":"ExportButton should render export button with data","status":"passed","title":"should render export button with data","duration":469.21659999999974,"failureMessages":[],"meta":{},"tags":[]},{"ancestorTitles":["ExportButton"],"fullName":"ExportButton should render disabled button when no data","status":"passed","title":"should render disabled button when no data","duration":60.94120000000021,"failureMessages":[],"meta":{},"tags":[]},{"ancestorTitles":["ExportButton"],"fullName":"ExportButton should be disabled when disabled prop is true","status":"passed","title":"should be disabled when disabled prop is true","duration":47.233799999999974,"failureMessages":[],"meta":{},"tags":[]},{"ancestorTitles":["ExportButton"],"fullName":"ExportButton should apply custom className","status":"passed","title":"should apply custom className","duration":49.55629999999928,"failureMessages":[],"meta":{},"tags":[]},{"ancestorTitles":["ExportButton"],"fullName":"ExportButton should show dropdown when clicked","status":"passed","title":"should show dropdown when clicked","duration":348.89380000000074,"failureMessages":[],"meta":{},"tags":[]},{"ancestorTitles":["ExportButton"],"fullName":"ExportButton should trigger export when CSV option is selected","status":"passed","title":"should trigger export when CSV option is selected","duration":370.8652999999995,"failureMessages":[],"meta":{},"tags":[]}],"startTime":1780242379204,"endTime":1780242380550.8652,"status":"passed","message":"","name":"C:/Users/scp_i/.gemini/antigravity/scratch/proman/components/ui/export-button.test.tsx"},{"assertionResults":[{"ancestorTitles":["Input component"],"fullName":"Input component renders with placeholder and value","status":"passed","title":"renders with placeholder and value","duration":89.96469999999954,"failureMessages":[],"meta":{},"tags":[]},{"ancestorTitles":["Input component"],"fullName":"Input component accepts className prop","status":"passed","title":"accepts className prop","duration":329.22659999999996,"failureMessages":[],"meta":{},"tags":[]}],"startTime":1780242383406,"endTime":1780242383825.2266,"status":"passed","message":"","name":"C:/Users/scp_i/.gemini/antigravity/scratch/proman/components/ui/input.test.tsx"},{"assertionResults":[{"ancestorTitles":["Label component"],"fullName":"Label component renders children and applies className","status":"passed","title":"renders children and applies className","duration":106.20870000000014,"failureMessages":[],"meta":{},"tags":[]}],"startTime":1780242397872,"endTime":1780242397978.2087,"status":"passed","message":"","name":"C:/Users/scp_i/.gemini/antigravity/scratch/proman/components/ui/label.test.tsx"},{"assertionResults":[{"ancestorTitles":["SearchFilter"],"fullName":"SearchFilter should render search input with placeholder","status":"passed","title":"should render search input with placeholder","duration":273.6157999999996,"failureMessages":[],"meta":{},"tags":[]},{"ancestorTitles":["SearchFilter"],"fullName":"SearchFilter should call onSearchChange after debounce","status":"passed","title":"should call onSearchChange after debounce","duration":555.25,"failureMessages":[],"meta":{},"tags":[]},{"ancestorTitles":["SearchFilter"],"fullName":"SearchFilter should call onFilterChange when filter selection changes","status":"passed","title":"should call onFilterChange when filter selection changes","duration":149.41340000000037,"failureMessages":[],"meta":{},"tags":[]},{"ancestorTitles":["SearchFilter"],"fullName":"SearchFilter should render clear button when showClearButton is true","status":"passed","title":"should render clear button when showClearButton is true","duration":250.1918999999998,"failureMessages":[],"meta":{},"tags":[]},{"ancestorTitles":["SearchFilter"],"fullName":"SearchFilter should clear search when clear button is clicked","status":"passed","title":"should clear search when clear button is clicked","duration":323.6252999999997,"failureMessages":[],"meta":{},"tags":[]},{"ancestorTitles":["SearchFilter"],"fullName":"SearchFilter should handle multiple filters","status":"passed","title":"should handle multiple filters","duration":132.17249999999876,"failureMessages":[],"meta":{},"tags":[]},{"ancestorTitles":["SearchFilter"],"fullName":"SearchFilter should use default values for filters","status":"passed","title":"should use default values for filters","duration":39.09859999999935,"failureMessages":[],"meta":{},"tags":[]},{"ancestorTitles":["SearchFilter"],"fullName":"SearchFilter should handle no filters provided","status":"passed","title":"should handle no filters provided","duration":7.2929000000003725,"failureMessages":[],"meta":{},"tags":[]},{"ancestorTitles":["SearchFilter"],"fullName":"SearchFilter should apply custom className","status":"passed","title":"should apply custom className","duration":42.551000000001295,"failureMessages":[],"meta":{},"tags":[]},{"ancestorTitles":["SearchFilter"],"fullName":"SearchFilter should debounce search input correctly","status":"passed","title":"should debounce search input correctly","duration":201.88360000000102,"failureMessages":[],"meta":{},"tags":[]},{"ancestorTitles":["SearchFilter"],"fullName":"SearchFilter should clear debounce timer on component unmount","status":"passed","title":"should clear debounce timer on component unmount","duration":41.42819999999847,"failureMessages":[],"meta":{},"tags":[]}],"startTime":1780242379183,"endTime":1780242381200.4282,"status":"passed","message":"","name":"C:/Users/scp_i/.gemini/antigravity/scratch/proman/components/ui/search-filter.test.tsx"},{"assertionResults":[{"ancestorTitles":["Select component"],"fullName":"Select component renders trigger text","status":"passed","title":"renders trigger text","duration":205.39019999999982,"failureMessages":[],"meta":{},"tags":[]}],"startTime":1780242392242,"endTime":1780242392447.3901,"status":"passed","message":"","name":"C:/Users/scp_i/.gemini/antigravity/scratch/proman/components/ui/select.test.tsx"},{"assertionResults":[{"ancestorTitles":["Separator component"],"fullName":"Separator component renders horizontal by default","status":"passed","title":"renders horizontal by default","duration":62.41859999999997,"failureMessages":[],"meta":{},"tags":[]},{"ancestorTitles":["Separator component"],"fullName":"Separator component renders vertical when orientation set","status":"passed","title":"renders vertical when orientation set","duration":7.772299999999632,"failureMessages":[],"meta":{},"tags":[]}],"startTime":1780242398810,"endTime":1780242398880.7722,"status":"passed","message":"","name":"C:/Users/scp_i/.gemini/antigravity/scratch/proman/components/ui/separator.test.tsx"},{"assertionResults":[{"ancestorTitles":["Switch component"],"fullName":"Switch component renders unchecked by default and toggles checked via props","status":"passed","title":"renders unchecked by default and toggles checked via props","duration":455.16879999999946,"failureMessages":[],"meta":{},"tags":[]}],"startTime":1780242383936,"endTime":1780242384391.1687,"status":"passed","message":"","name":"C:/Users/scp_i/.gemini/antigravity/scratch/proman/components/ui/switch.test.tsx"},{"assertionResults":[{"ancestorTitles":["Textarea component"],"fullName":"Textarea component renders with placeholder and value","status":"passed","title":"renders with placeholder and value","duration":78.13169999999991,"failureMessages":[],"meta":{},"tags":[]},{"ancestorTitles":["Textarea component"],"fullName":"Textarea component accepts className","status":"passed","title":"accepts className","duration":22.046000000000276,"failureMessages":[],"meta":{},"tags":[]}],"startTime":1780242395438,"endTime":1780242395538.046,"status":"passed","message":"","name":"C:/Users/scp_i/.gemini/antigravity/scratch/proman/components/ui/textarea.test.tsx"},{"assertionResults":[{"ancestorTitles":["CurrencyProvider"],"fullName":"CurrencyProvider does not call settings API when user is unauthenticated","status":"passed","title":"does not call settings API when user is unauthenticated","duration":144.6225000000004,"failureMessages":[],"meta":{},"tags":[]},{"ancestorTitles":["CurrencyProvider"],"fullName":"CurrencyProvider loads currency from nested settings payload when authenticated","status":"passed","title":"loads currency from nested settings payload when authenticated","duration":43.79749999999967,"failureMessages":[],"meta":{},"tags":[]}],"startTime":1780242387077,"endTime":1780242387264.7976,"status":"passed","message":"","name":"C:/Users/scp_i/.gemini/antigravity/scratch/proman/lib/contexts/currency-context.test.tsx"},{"assertionResults":[{"ancestorTitles":["ToastProvider and useToast - Unit"],"fullName":"ToastProvider and useToast - Unit exports useToast function","status":"passed","title":"exports useToast function","duration":5.74199999999928,"failureMessages":[],"meta":{},"tags":[]},{"ancestorTitles":["ToastProvider and useToast - Unit"],"fullName":"ToastProvider and useToast - Unit exports ToastProvider component","status":"passed","title":"exports ToastProvider component","duration":1.1963999999998123,"failureMessages":[],"meta":{},"tags":[]},{"ancestorTitles":["ToastProvider and useToast - Unit"],"fullName":"ToastProvider and useToast - Unit modal component is async function","status":"passed","title":"modal component is async function","duration":1.0363999999999578,"failureMessages":[],"meta":{},"tags":[]},{"ancestorTitles":["ToastProvider and useToast - Unit"],"fullName":"ToastProvider and useToast - Unit useToast is a valid function export","status":"passed","title":"useToast is a valid function export","duration":0.5403999999998632,"failureMessages":[],"meta":{},"tags":[]},{"ancestorTitles":["ToastProvider and useToast - Unit"],"fullName":"ToastProvider and useToast - Unit toast context has all required methods","status":"passed","title":"toast context has all required methods","duration":0.9093999999995503,"failureMessages":[],"meta":{},"tags":[]},{"ancestorTitles":["ToastProvider and useToast - Unit"],"fullName":"ToastProvider and useToast - Unit AnimatedToast component handles different toast types","status":"passed","title":"AnimatedToast component handles different toast types","duration":0.80829999999969,"failureMessages":[],"meta":{},"tags":[]},{"ancestorTitles":["ToastProvider and useToast - Unit"],"fullName":"ToastProvider and useToast - Unit ToastProvider includes Toaster component from react-hot-toast","status":"passed","title":"ToastProvider includes Toaster component from react-hot-toast","duration":0.6622999999999593,"failureMessages":[],"meta":{},"tags":[]},{"ancestorTitles":["ToastProvider and useToast - Unit"],"fullName":"ToastProvider and useToast - Unit toast methods call react-hot-toast under the hood","status":"passed","title":"toast methods call react-hot-toast under the hood","duration":0.481300000000374,"failureMessages":[],"meta":{},"tags":[]}],"startTime":1780242410666,"endTime":1780242410678.4812,"status":"passed","message":"","name":"C:/Users/scp_i/.gemini/antigravity/scratch/proman/lib/contexts/toast-context.test.tsx"},{"assertionResults":[{"ancestorTitles":["useFormDialog"],"fullName":"useFormDialog should exist and be a function","status":"passed","title":"should exist and be a function","duration":3.4221000000002277,"failureMessages":[],"meta":{},"tags":[]}],"startTime":1780242412153,"endTime":1780242412156.422,"status":"passed","message":"","name":"C:/Users/scp_i/.gemini/antigravity/scratch/proman/lib/hooks/use-form-dialog.test.ts"},{"assertionResults":[{"ancestorTitles":["useSortableData"],"fullName":"useSortableData should exist and be a function","status":"passed","title":"should exist and be a function","duration":3.9835000000002765,"failureMessages":[],"meta":{},"tags":[]}],"startTime":1780242411469,"endTime":1780242411472.9834,"status":"passed","message":"","name":"C:/Users/scp_i/.gemini/antigravity/scratch/proman/lib/hooks/use-sortable-data.test.ts"},{"assertionResults":[{"ancestorTitles":["useUserCurrency"],"fullName":"useUserCurrency skips settings API call when unauthenticated","status":"passed","title":"skips settings API call when unauthenticated","duration":57.57750000000033,"failureMessages":[],"meta":{},"tags":[]},{"ancestorTitles":["useUserCurrency"],"fullName":"useUserCurrency reads defaultCurrency from nested settings payload when authenticated","status":"passed","title":"reads defaultCurrency from nested settings payload when authenticated","duration":71.20679999999993,"failureMessages":[],"meta":{},"tags":[]}],"startTime":1780242393934,"endTime":1780242394063.2068,"status":"passed","message":"","name":"C:/Users/scp_i/.gemini/antigravity/scratch/proman/lib/hooks/use-user-currency.test.tsx"},{"assertionResults":[{"ancestorTitles":["PaymentService","getInstance"],"fullName":"PaymentService getInstance should return a singleton instance","status":"passed","title":"should return a singleton instance","duration":5.59900000000016,"failureMessages":[],"meta":{},"tags":[]},{"ancestorTitles":["PaymentService","isReady"],"fullName":"PaymentService isReady should return true when Stripe is configured","status":"passed","title":"should return true when Stripe is configured","duration":1.2090000000007421,"failureMessages":[],"meta":{},"tags":[]},{"ancestorTitles":["PaymentService","getAvailablePaymentMethods"],"fullName":"PaymentService getAvailablePaymentMethods should return Portugal payment methods for PT","status":"passed","title":"should return Portugal payment methods for PT","duration":2.395599999999831,"failureMessages":[],"meta":{},"tags":[]},{"ancestorTitles":["PaymentService","getAvailablePaymentMethods"],"fullName":"PaymentService getAvailablePaymentMethods should return Spain payment methods for ES","status":"passed","title":"should return Spain payment methods for ES","duration":0.9929000000001906,"failureMessages":[],"meta":{},"tags":[]},{"ancestorTitles":["PaymentService","getAvailablePaymentMethods"],"fullName":"PaymentService getAvailablePaymentMethods should return EU fallback for unknown countries","status":"passed","title":"should return EU fallback for unknown countries","duration":0.6177999999999884,"failureMessages":[],"meta":{},"tags":[]},{"ancestorTitles":["PaymentService","getAvailablePaymentMethods"],"fullName":"PaymentService getAvailablePaymentMethods should be case insensitive","status":"passed","title":"should be case insensitive","duration":1.0221000000001368,"failureMessages":[],"meta":{},"tags":[]},{"ancestorTitles":["PaymentService","getPaymentMethodInfo"],"fullName":"PaymentService getPaymentMethodInfo should return info for card payment method","status":"passed","title":"should return info for card payment method","duration":0.7563000000000102,"failureMessages":[],"meta":{},"tags":[]},{"ancestorTitles":["PaymentService","getPaymentMethodInfo"],"fullName":"PaymentService getPaymentMethodInfo should return info for SEPA debit","status":"passed","title":"should return info for SEPA debit","duration":0.5994000000000597,"failureMessages":[],"meta":{},"tags":[]},{"ancestorTitles":["PaymentService","getPaymentMethodInfo"],"fullName":"PaymentService getPaymentMethodInfo should return info for Multibanco","status":"passed","title":"should return info for Multibanco","duration":1.505699999999706,"failureMessages":[],"meta":{},"tags":[]},{"ancestorTitles":["PaymentService","getPaymentMethodInfo"],"fullName":"PaymentService getPaymentMethodInfo should return info for MB WAY","status":"passed","title":"should return info for MB WAY","duration":0.7217000000000553,"failureMessages":[],"meta":{},"tags":[]},{"ancestorTitles":["PaymentService","getPaymentMethodInfo"],"fullName":"PaymentService getPaymentMethodInfo should return info for bank transfer","status":"passed","title":"should return info for bank transfer","duration":0.6750999999994747,"failureMessages":[],"meta":{},"tags":[]},{"ancestorTitles":["PaymentService","getPaymentMethodInfo"],"fullName":"PaymentService getPaymentMethodInfo should return info for cash","status":"passed","title":"should return info for cash","duration":0.5583999999998923,"failureMessages":[],"meta":{},"tags":[]},{"ancestorTitles":["PaymentService","getPaymentMethodInfo"],"fullName":"PaymentService getPaymentMethodInfo should return other for unknown methods","status":"passed","title":"should return other for unknown methods","duration":0.3811999999998079,"failureMessages":[],"meta":{},"tags":[]},{"ancestorTitles":["PaymentService","getOrCreateStripeCustomer"],"fullName":"PaymentService getOrCreateStripeCustomer should return existing Stripe customer ID if tenant already has one","status":"passed","title":"should return existing Stripe customer ID if tenant already has one","duration":1.4224000000003798,"failureMessages":[],"meta":{},"tags":[]},{"ancestorTitles":["PaymentService","getOrCreateStripeCustomer"],"fullName":"PaymentService getOrCreateStripeCustomer should create new Stripe customer if tenant has none","status":"passed","title":"should create new Stripe customer if tenant has none","duration":5.005799999999908,"failureMessages":[],"meta":{},"tags":[]},{"ancestorTitles":["PaymentService","getOrCreateStripeCustomer"],"fullName":"PaymentService getOrCreateStripeCustomer should throw if tenant not found","status":"passed","title":"should throw if tenant not found","duration":3.227600000000166,"failureMessages":[],"meta":{},"tags":[]},{"ancestorTitles":["PaymentService","createPaymentIntent"],"fullName":"PaymentService createPaymentIntent should create card payment intent successfully","status":"passed","title":"should create card payment intent successfully","duration":1.2689000000000306,"failureMessages":[],"meta":{},"tags":[]},{"ancestorTitles":["PaymentService","createPaymentIntent"],"fullName":"PaymentService createPaymentIntent should create SEPA debit payment intent","status":"passed","title":"should create SEPA debit payment intent","duration":1.928899999999885,"failureMessages":[],"meta":{},"tags":[]},{"ancestorTitles":["PaymentService","createPaymentIntent"],"fullName":"PaymentService createPaymentIntent should create Multibanco payment intent","status":"passed","title":"should create Multibanco payment intent","duration":1.0794000000005326,"failureMessages":[],"meta":{},"tags":[]},{"ancestorTitles":["PaymentService","createPaymentIntent"],"fullName":"PaymentService createPaymentIntent should handle MB WAY payment (returns pending with SIBS note)","status":"passed","title":"should handle MB WAY payment (returns pending with SIBS note)","duration":1.0189000000000306,"failureMessages":[],"meta":{},"tags":[]},{"ancestorTitles":["PaymentService","createPaymentIntent"],"fullName":"PaymentService createPaymentIntent should handle bank transfer payment","status":"passed","title":"should handle bank transfer payment","duration":1.3645000000005894,"failureMessages":[],"meta":{},"tags":[]},{"ancestorTitles":["PaymentService","createPaymentIntent"],"fullName":"PaymentService createPaymentIntent should return error for unsupported payment method","status":"passed","title":"should return error for unsupported payment method","duration":0.5608000000001994,"failureMessages":[],"meta":{},"tags":[]},{"ancestorTitles":["PaymentService","createPaymentIntent"],"fullName":"PaymentService createPaymentIntent should return error when tenant not found","status":"passed","title":"should return error when tenant not found","duration":0.4257999999999811,"failureMessages":[],"meta":{},"tags":[]},{"ancestorTitles":["PaymentService","createPaymentIntent"],"fullName":"PaymentService createPaymentIntent should handle Stripe API errors gracefully","status":"passed","title":"should handle Stripe API errors gracefully","duration":10.945300000000316,"failureMessages":[],"meta":{},"tags":[]},{"ancestorTitles":["PaymentService","processStripeWebhook"],"fullName":"PaymentService processStripeWebhook should handle payment_intent.succeeded event","status":"passed","title":"should handle payment_intent.succeeded event","duration":1.6159999999999854,"failureMessages":[],"meta":{},"tags":[]},{"ancestorTitles":["PaymentService","processStripeWebhook"],"fullName":"PaymentService processStripeWebhook should handle payment_intent.payment_failed event","status":"passed","title":"should handle payment_intent.payment_failed event","duration":0.6739999999999782,"failureMessages":[],"meta":{},"tags":[]},{"ancestorTitles":["PaymentService","processStripeWebhook"],"fullName":"PaymentService processStripeWebhook should handle payment_intent.canceled event","status":"passed","title":"should handle payment_intent.canceled event","duration":0.5243000000000393,"failureMessages":[],"meta":{},"tags":[]},{"ancestorTitles":["PaymentService","processStripeWebhook"],"fullName":"PaymentService processStripeWebhook should handle charge.refunded event (full refund)","status":"passed","title":"should handle charge.refunded event (full refund)","duration":0.5982000000003609,"failureMessages":[],"meta":{},"tags":[]},{"ancestorTitles":["PaymentService","processStripeWebhook"],"fullName":"PaymentService processStripeWebhook should handle charge.refunded event (partial refund)","status":"passed","title":"should handle charge.refunded event (partial refund)","duration":0.6216999999996915,"failureMessages":[],"meta":{},"tags":[]},{"ancestorTitles":["PaymentService","processStripeWebhook"],"fullName":"PaymentService processStripeWebhook should return error when transaction not found","status":"passed","title":"should return error when transaction not found","duration":0.44130000000041036,"failureMessages":[],"meta":{},"tags":[]},{"ancestorTitles":["PaymentService","processStripeWebhook"],"fullName":"PaymentService processStripeWebhook should ignore unhandled event types","status":"passed","title":"should ignore unhandled event types","duration":0.3528999999998632,"failureMessages":[],"meta":{},"tags":[]},{"ancestorTitles":["PaymentService","getTenantTransactions"],"fullName":"PaymentService getTenantTransactions should return transactions for a tenant","status":"passed","title":"should return transactions for a tenant","duration":2.291599999999562,"failureMessages":[],"meta":{},"tags":[]},{"ancestorTitles":["PaymentService","getTenantTransactions"],"fullName":"PaymentService getTenantTransactions should support pagination options","status":"passed","title":"should support pagination options","duration":0.729099999999562,"failureMessages":[],"meta":{},"tags":[]},{"ancestorTitles":["PaymentService","getTenantTransactions"],"fullName":"PaymentService getTenantTransactions should support status filtering","status":"passed","title":"should support status filtering","duration":0.9170999999996639,"failureMessages":[],"meta":{},"tags":[]},{"ancestorTitles":["PaymentService","getTransaction"],"fullName":"PaymentService getTransaction should return transaction by ID","status":"passed","title":"should return transaction by ID","duration":0.4426000000003114,"failureMessages":[],"meta":{},"tags":[]},{"ancestorTitles":["PaymentService","getTransaction"],"fullName":"PaymentService getTransaction should return null for non-existent transaction","status":"passed","title":"should return null for non-existent transaction","duration":0.386000000000422,"failureMessages":[],"meta":{},"tags":[]}],"startTime":1780242399940,"endTime":1780242399997.386,"status":"passed","message":"","name":"C:/Users/scp_i/.gemini/antigravity/scratch/proman/lib/payment/payment-service.test.ts"},{"assertionResults":[{"ancestorTitles":["AddressVerificationService.validatePostalCode"],"fullName":"AddressVerificationService.validatePostalCode valid Portuguese postal code XXXX-XXX","status":"passed","title":"valid Portuguese postal code XXXX-XXX","duration":5.125199999999495,"failureMessages":[],"meta":{},"tags":[]},{"ancestorTitles":["AddressVerificationService.validatePostalCode"],"fullName":"AddressVerificationService.validatePostalCode invalid Portuguese code without hyphen","status":"passed","title":"invalid Portuguese code without hyphen","duration":0.9990999999999985,"failureMessages":[],"meta":{},"tags":[]},{"ancestorTitles":["AddressVerificationService.validatePostalCode"],"fullName":"AddressVerificationService.validatePostalCode invalid Portuguese code too short","status":"passed","title":"invalid Portuguese code too short","duration":0.923200000000179,"failureMessages":[],"meta":{},"tags":[]},{"ancestorTitles":["AddressVerificationService.validatePostalCode"],"fullName":"AddressVerificationService.validatePostalCode valid Spanish postal code XXXXX","status":"passed","title":"valid Spanish postal code XXXXX","duration":0.6472000000003391,"failureMessages":[],"meta":{},"tags":[]},{"ancestorTitles":["AddressVerificationService.validatePostalCode"],"fullName":"AddressVerificationService.validatePostalCode invalid Spanish code (6 digits)","status":"passed","title":"invalid Spanish code (6 digits)","duration":0.5235000000002401,"failureMessages":[],"meta":{},"tags":[]},{"ancestorTitles":["AddressVerificationService.validatePostalCode"],"fullName":"AddressVerificationService.validatePostalCode invalid Spanish code with letters","status":"passed","title":"invalid Spanish code with letters","duration":0.5320999999994456,"failureMessages":[],"meta":{},"tags":[]},{"ancestorTitles":["AddressVerificationService.parseAddressSuggestion"],"fullName":"AddressVerificationService.parseAddressSuggestion builds street address from house number + road","status":"passed","title":"builds street address from house number + road","duration":1.180000000000291,"failureMessages":[],"meta":{},"tags":[]},{"ancestorTitles":["AddressVerificationService.parseAddressSuggestion"],"fullName":"AddressVerificationService.parseAddressSuggestion includes suburb when it differs from city","status":"passed","title":"includes suburb when it differs from city","duration":0.7183999999997468,"failureMessages":[],"meta":{},"tags":[]},{"ancestorTitles":["AddressVerificationService.parseAddressSuggestion"],"fullName":"AddressVerificationService.parseAddressSuggestion excludes suburb when it equals city","status":"passed","title":"excludes suburb when it equals city","duration":1.345499999999447,"failureMessages":[],"meta":{},"tags":[]},{"ancestorTitles":["AddressVerificationService.parseAddressSuggestion"],"fullName":"AddressVerificationService.parseAddressSuggestion falls back to display_name first part when no street components","status":"passed","title":"falls back to display_name first part when no street components","duration":0.7872999999999593,"failureMessages":[],"meta":{},"tags":[]},{"ancestorTitles":["AddressVerificationService.parseAddressSuggestion"],"fullName":"AddressVerificationService.parseAddressSuggestion city prefers municipality over city field","status":"passed","title":"city prefers municipality over city field","duration":0.5958000000000538,"failureMessages":[],"meta":{},"tags":[]},{"ancestorTitles":["AddressVerificationService.parseAddressSuggestion"],"fullName":"AddressVerificationService.parseAddressSuggestion city falls back to city field when no municipality","status":"passed","title":"city falls back to city field when no municipality","duration":0.3937999999998283,"failureMessages":[],"meta":{},"tags":[]},{"ancestorTitles":["AddressVerificationService.parseAddressSuggestion"],"fullName":"AddressVerificationService.parseAddressSuggestion city falls back to county when municipality and city absent","status":"passed","title":"city falls back to county when municipality and city absent","duration":0.42849999999998545,"failureMessages":[],"meta":{},"tags":[]},{"ancestorTitles":["AddressVerificationService.parseAddressSuggestion"],"fullName":"AddressVerificationService.parseAddressSuggestion PT: valid XXXX-XXX postal code left unchanged","status":"passed","title":"PT: valid XXXX-XXX postal code left unchanged","duration":0.3589000000001761,"failureMessages":[],"meta":{},"tags":[]},{"ancestorTitles":["AddressVerificationService.parseAddressSuggestion"],"fullName":"AddressVerificationService.parseAddressSuggestion PT: 7-digit unformatted code reformatted to XXXX-XXX","status":"passed","title":"PT: 7-digit unformatted code reformatted to XXXX-XXX","duration":0.5155000000004293,"failureMessages":[],"meta":{},"tags":[]},{"ancestorTitles":["AddressVerificationService.parseAddressSuggestion"],"fullName":"AddressVerificationService.parseAddressSuggestion PT: invalid postal code with <7 digits kept as-is (cannot reformat)","status":"passed","title":"PT: invalid postal code with <7 digits kept as-is (cannot reformat)","duration":0.7246000000004642,"failureMessages":[],"meta":{},"tags":[]},{"ancestorTitles":["AddressVerificationService.parseAddressSuggestion"],"fullName":"AddressVerificationService.parseAddressSuggestion ES: valid 5-digit postal code left unchanged","status":"passed","title":"ES: valid 5-digit postal code left unchanged","duration":0.34470000000055734,"failureMessages":[],"meta":{},"tags":[]},{"ancestorTitles":["AddressVerificationService.parseAddressSuggestion"],"fullName":"AddressVerificationService.parseAddressSuggestion ES: postal code with non-digits stripped and truncated to 5","status":"passed","title":"ES: postal code with non-digits stripped and truncated to 5","duration":0.2683999999999287,"failureMessages":[],"meta":{},"tags":[]},{"ancestorTitles":["AddressVerificationService.parseAddressSuggestion"],"fullName":"AddressVerificationService.parseAddressSuggestion latitude and longitude parsed as numbers","status":"passed","title":"latitude and longitude parsed as numbers","duration":0.6143000000001848,"failureMessages":[],"meta":{},"tags":[]},{"ancestorTitles":["AddressVerificationService.parseAddressSuggestion"],"fullName":"AddressVerificationService.parseAddressSuggestion verified flag is always true","status":"passed","title":"verified flag is always true","duration":0.32410000000072614,"failureMessages":[],"meta":{},"tags":[]},{"ancestorTitles":["AddressVerificationService.generateBuildingId"],"fullName":"AddressVerificationService.generateBuildingId returns a non-empty string","status":"passed","title":"returns a non-empty string","duration":0.6628999999993539,"failureMessages":[],"meta":{},"tags":[]},{"ancestorTitles":["AddressVerificationService.generateBuildingId"],"fullName":"AddressVerificationService.generateBuildingId same inputs produce the same id (deterministic)","status":"passed","title":"same inputs produce the same id (deterministic)","duration":0.33219999999982974,"failureMessages":[],"meta":{},"tags":[]},{"ancestorTitles":["AddressVerificationService.generateBuildingId"],"fullName":"AddressVerificationService.generateBuildingId different addresses produce different ids","status":"passed","title":"different addresses produce different ids","duration":1.5821999999998297,"failureMessages":[],"meta":{},"tags":[]},{"ancestorTitles":["AddressVerificationService.generateBuildingId"],"fullName":"AddressVerificationService.generateBuildingId case and punctuation are normalized (same address, different casing ÔåÆ same id)","status":"passed","title":"case and punctuation are normalized (same address, different casing ÔåÆ same id)","duration":0.3455000000003565,"failureMessages":[],"meta":{},"tags":[]},{"ancestorTitles":["AddressVerificationService.searchAddresses"],"fullName":"AddressVerificationService.searchAddresses returns parsed suggestions on successful fetch","status":"passed","title":"returns parsed suggestions on successful fetch","duration":5.820300000000316,"failureMessages":[],"meta":{},"tags":[]},{"ancestorTitles":["AddressVerificationService.searchAddresses"],"fullName":"AddressVerificationService.searchAddresses uses Portugal bounds and country code for Portugal queries","status":"passed","title":"uses Portugal bounds and country code for Portugal queries","duration":0.8773000000001048,"failureMessages":[],"meta":{},"tags":[]},{"ancestorTitles":["AddressVerificationService.searchAddresses"],"fullName":"AddressVerificationService.searchAddresses uses Spain bounds and country code for Spain queries","status":"passed","title":"uses Spain bounds and country code for Spain queries","duration":0.7649999999994179,"failureMessages":[],"meta":{},"tags":[]},{"ancestorTitles":["AddressVerificationService.searchAddresses"],"fullName":"AddressVerificationService.searchAddresses returns empty array when API responds with non-OK status","status":"passed","title":"returns empty array when API responds with non-OK status","duration":11.168999999999869,"failureMessages":[],"meta":{},"tags":[]},{"ancestorTitles":["AddressVerificationService.searchAddresses"],"fullName":"AddressVerificationService.searchAddresses returns empty array on network error","status":"passed","title":"returns empty array on network error","duration":2.6450000000004366,"failureMessages":[],"meta":{},"tags":[]}],"startTime":1780242401439,"endTime":1780242401482.645,"status":"passed","message":"","name":"C:/Users/scp_i/.gemini/antigravity/scratch/proman/lib/utils/address-verification.test.ts"},{"assertionResults":[{"ancestorTitles":["env behavior"],"fullName":"env behavior should not throw and provide defaults when NODE_ENV=test","status":"passed","title":"should not throw and provide defaults when NODE_ENV=test","duration":211.84040000000005,"failureMessages":[],"meta":{},"tags":[]}],"startTime":1780242385173,"endTime":1780242385384.8403,"status":"passed","message":"","name":"C:/Users/scp_i/.gemini/antigravity/scratch/proman/lib/utils/env.test.ts"},{"assertionResults":[{"ancestorTitles":["ValidationError"],"fullName":"ValidationError sets name to ValidationError","status":"passed","title":"sets name to ValidationError","duration":7.4409999999998035,"failureMessages":[],"meta":{},"tags":[]},{"ancestorTitles":["ValidationError"],"fullName":"ValidationError stores optional field","status":"passed","title":"stores optional field","duration":0.9559000000008382,"failureMessages":[],"meta":{},"tags":[]},{"ancestorTitles":["ValidationError"],"fullName":"ValidationError field is undefined when not provided","status":"passed","title":"field is undefined when not provided","duration":0.9070000000001528,"failureMessages":[],"meta":{},"tags":[]},{"ancestorTitles":["AuthenticationError"],"fullName":"AuthenticationError uses default message","status":"passed","title":"uses default message","duration":0.6133999999992739,"failureMessages":[],"meta":{},"tags":[]},{"ancestorTitles":["AuthenticationError"],"fullName":"AuthenticationError accepts custom message","status":"passed","title":"accepts custom message","duration":0.4624000000003434,"failureMessages":[],"meta":{},"tags":[]},{"ancestorTitles":["AuthorizationError"],"fullName":"AuthorizationError uses default message","status":"passed","title":"uses default message","duration":0.6189999999996871,"failureMessages":[],"meta":{},"tags":[]},{"ancestorTitles":["AuthorizationError"],"fullName":"AuthorizationError accepts custom message","status":"passed","title":"accepts custom message","duration":0.5973000000003594,"failureMessages":[],"meta":{},"tags":[]},{"ancestorTitles":["ResourceNotFoundError"],"fullName":"ResourceNotFoundError formats message with id","status":"passed","title":"formats message with id","duration":0.5507999999999811,"failureMessages":[],"meta":{},"tags":[]},{"ancestorTitles":["ResourceNotFoundError"],"fullName":"ResourceNotFoundError formats message without id","status":"passed","title":"formats message without id","duration":0.9868999999998778,"failureMessages":[],"meta":{},"tags":[]},{"ancestorTitles":["ForbiddenError"],"fullName":"ForbiddenError uses default message","status":"passed","title":"uses default message","duration":0.5924999999997453,"failureMessages":[],"meta":{},"tags":[]},{"ancestorTitles":["ForbiddenError"],"fullName":"ForbiddenError accepts custom message","status":"passed","title":"accepts custom message","duration":0.479099999999562,"failureMessages":[],"meta":{},"tags":[]},{"ancestorTitles":["DatabaseError"],"fullName":"DatabaseError stores original error","status":"passed","title":"stores original error","duration":0.5943999999999505,"failureMessages":[],"meta":{},"tags":[]},{"ancestorTitles":["DatabaseError"],"fullName":"DatabaseError works without original error","status":"passed","title":"works without original error","duration":0.3186999999998079,"failureMessages":[],"meta":{},"tags":[]},{"ancestorTitles":["Logger"],"fullName":"Logger Logger.error calls console.error with JSON","status":"passed","title":"Logger.error calls console.error with JSON","duration":4.647699999999531,"failureMessages":[],"meta":{},"tags":[]},{"ancestorTitles":["Logger"],"fullName":"Logger Logger.warn calls console.warn","status":"passed","title":"Logger.warn calls console.warn","duration":1.1354000000001179,"failureMessages":[],"meta":{},"tags":[]},{"ancestorTitles":["Logger"],"fullName":"Logger Logger.info calls console.debug","status":"passed","title":"Logger.info calls console.debug","duration":1.0576000000000931,"failureMessages":[],"meta":{},"tags":[]},{"ancestorTitles":["Logger"],"fullName":"Logger omits data field when not supplied","status":"passed","title":"omits data field when not supplied","duration":0.6687000000001717,"failureMessages":[],"meta":{},"tags":[]},{"ancestorTitles":["createErrorResponse"],"fullName":"createErrorResponse ValidationError ÔåÆ 400 with message","status":"passed","title":"ValidationError ÔåÆ 400 with message","duration":16.32380000000012,"failureMessages":[],"meta":{},"tags":[]},{"ancestorTitles":["createErrorResponse"],"fullName":"createErrorResponse ValidationError with field ÔåÆ includes field in response body","status":"passed","title":"ValidationError with field ÔåÆ includes field in response body","duration":2.3950000000004366,"failureMessages":[],"meta":{},"tags":[]},{"ancestorTitles":["createErrorResponse"],"fullName":"createErrorResponse ValidationError without field ÔåÆ no field key in body","status":"passed","title":"ValidationError without field ÔåÆ no field key in body","duration":2.0781999999999243,"failureMessages":[],"meta":{},"tags":[]},{"ancestorTitles":["createErrorResponse"],"fullName":"createErrorResponse AuthenticationError ÔåÆ 401","status":"passed","title":"AuthenticationError ÔåÆ 401","duration":1.1981999999998152,"failureMessages":[],"meta":{},"tags":[]},{"ancestorTitles":["createErrorResponse"],"fullName":"createErrorResponse AuthorizationError ÔåÆ 403","status":"passed","title":"AuthorizationError ÔåÆ 403","duration":1.0955000000003565,"failureMessages":[],"meta":{},"tags":[]},{"ancestorTitles":["createErrorResponse"],"fullName":"createErrorResponse ResourceNotFoundError ÔåÆ 404","status":"passed","title":"ResourceNotFoundError ÔåÆ 404","duration":1.4993999999996959,"failureMessages":[],"meta":{},"tags":[]},{"ancestorTitles":["createErrorResponse"],"fullName":"createErrorResponse ForbiddenError ÔåÆ 403","status":"passed","title":"ForbiddenError ÔåÆ 403","duration":1.279299999999239,"failureMessages":[],"meta":{},"tags":[]},{"ancestorTitles":["createErrorResponse"],"fullName":"createErrorResponse DatabaseError ÔåÆ 500 with generic message","status":"passed","title":"DatabaseError ÔåÆ 500 with generic message","duration":1.466099999999642,"failureMessages":[],"meta":{},"tags":[]},{"ancestorTitles":["createErrorResponse"],"fullName":"createErrorResponse generic Error falls back to provided statusCode","status":"passed","title":"generic Error falls back to provided statusCode","duration":2.6351999999997133,"failureMessages":[],"meta":{},"tags":[]},{"ancestorTitles":["createErrorResponse"],"fullName":"createErrorResponse includes Content-Type header","status":"passed","title":"includes Content-Type header","duration":1.706199999999626,"failureMessages":[],"meta":{},"tags":[]},{"ancestorTitles":["createSuccessResponse"],"fullName":"createSuccessResponse returns 200 by default","status":"passed","title":"returns 200 by default","duration":1.214799999999741,"failureMessages":[],"meta":{},"tags":[]},{"ancestorTitles":["createSuccessResponse"],"fullName":"createSuccessResponse respects custom status code","status":"passed","title":"respects custom status code","duration":0.49179999999978463,"failureMessages":[],"meta":{},"tags":[]},{"ancestorTitles":["createSuccessResponse"],"fullName":"createSuccessResponse includes Content-Type header","status":"passed","title":"includes Content-Type header","duration":0.40759999999954744,"failureMessages":[],"meta":{},"tags":[]},{"ancestorTitles":["withErrorHandler"],"fullName":"withErrorHandler passes through the handler response on success","status":"passed","title":"passes through the handler response on success","duration":5.610500000000684,"failureMessages":[],"meta":{},"tags":[]},{"ancestorTitles":["withErrorHandler"],"fullName":"withErrorHandler catches thrown Error and returns 500 response","status":"passed","title":"catches thrown Error and returns 500 response","duration":3.8987999999999374,"failureMessages":[],"meta":{},"tags":[]},{"ancestorTitles":["withErrorHandler"],"fullName":"withErrorHandler catches thrown ValidationError and returns 400","status":"passed","title":"catches thrown ValidationError and returns 400","duration":2.17870000000039,"failureMessages":[],"meta":{},"tags":[]},{"ancestorTitles":["withErrorHandler"],"fullName":"withErrorHandler wraps non-Error thrown values in a generic Error","status":"passed","title":"wraps non-Error thrown values in a generic Error","duration":2.465700000000652,"failureMessages":[],"meta":{},"tags":[]},{"ancestorTitles":["withErrorHandler"],"fullName":"withErrorHandler forwards context argument to handler","status":"passed","title":"forwards context argument to handler","duration":2.3110999999998967,"failureMessages":[],"meta":{},"tags":[]},{"ancestorTitles":["parseBody"],"fullName":"parseBody returns parsed data on valid input","status":"passed","title":"returns parsed data on valid input","duration":4.09940000000006,"failureMessages":[],"meta":{},"tags":[]},{"ancestorTitles":["parseBody"],"fullName":"parseBody throws ValidationError on ZodError","status":"passed","title":"throws ValidationError on ZodError","duration":2.1229000000002998,"failureMessages":[],"meta":{},"tags":[]},{"ancestorTitles":["parseBody"],"fullName":"parseBody ValidationError message contains Zod issue messages","status":"passed","title":"ValidationError message contains Zod issue messages","duration":0.5874999999996362,"failureMessages":[],"meta":{},"tags":[]},{"ancestorTitles":["parseBody"],"fullName":"parseBody re-throws non-Zod errors as-is","status":"passed","title":"re-throws non-Zod errors as-is","duration":0.4047999999993408,"failureMessages":[],"meta":{},"tags":[]},{"ancestorTitles":["parseJsonBody"],"fullName":"parseJsonBody parses valid JSON request body","status":"passed","title":"parses valid JSON request body","duration":1.9921000000003914,"failureMessages":[],"meta":{},"tags":[]},{"ancestorTitles":["parseJsonBody"],"fullName":"parseJsonBody throws ValidationError for invalid JSON body","status":"passed","title":"throws ValidationError for invalid JSON body","duration":3.522100000000137,"failureMessages":[],"meta":{},"tags":[]}],"startTime":1780242398214,"endTime":1780242398302.5222,"status":"passed","message":"","name":"C:/Users/scp_i/.gemini/antigravity/scratch/proman/lib/utils/error-handling.test.ts"},{"assertionResults":[{"ancestorTitles":["rate-limit utilities"],"fullName":"rate-limit utilities getClientIP prefers x-forwarded-for","status":"passed","title":"getClientIP prefers x-forwarded-for","duration":7.639799999999923,"failureMessages":[],"meta":{},"tags":[]},{"ancestorTitles":["rate-limit utilities"],"fullName":"rate-limit utilities isRateLimited returns true when threshold reached","status":"passed","title":"isRateLimited returns true when threshold reached","duration":1.133100000000013,"failureMessages":[],"meta":{},"tags":[]},{"ancestorTitles":["rate-limit utilities"],"fullName":"rate-limit utilities withRateLimit returns 429 when IP is limited","status":"passed","title":"withRateLimit returns 429 when IP is limited","duration":4.427700000000186,"failureMessages":[],"meta":{},"tags":[]}],"startTime":1780242410602,"endTime":1780242410615.4277,"status":"passed","message":"","name":"C:/Users/scp_i/.gemini/antigravity/scratch/proman/lib/utils/rate-limit.test.ts"},{"assertionResults":[{"ancestorTitles":["sanitize utilities"],"fullName":"sanitize utilities sanitizeHtml returns empty string for non-string or empty inputs","status":"passed","title":"sanitizeHtml returns empty string for non-string or empty inputs","duration":5.302299999999377,"failureMessages":[],"meta":{},"tags":[]},{"ancestorTitles":["sanitize utilities"],"fullName":"sanitize utilities sanitizeHtml strips tags","status":"passed","title":"sanitizeHtml strips tags","duration":25.94000000000051,"failureMessages":[],"meta":{},"tags":[]},{"ancestorTitles":["sanitize utilities"],"fullName":"sanitize utilities sanitizeForDatabase trims and removes dangerous chars","status":"passed","title":"sanitizeForDatabase trims and removes dangerous chars","duration":7.606700000000274,"failureMessages":[],"meta":{},"tags":[]},{"ancestorTitles":["sanitize utilities"],"fullName":"sanitize utilities sanitizeFilename normalizes filenames","status":"passed","title":"sanitizeFilename normalizes filenames","duration":1.1593999999986409,"failureMessages":[],"meta":{},"tags":[]},{"ancestorTitles":["sanitize utilities"],"fullName":"sanitize utilities sanitizeEmail returns null for invalid emails and lowercases valid ones","status":"passed","title":"sanitizeEmail returns null for invalid emails and lowercases valid ones","duration":0.930900000001202,"failureMessages":[],"meta":{},"tags":[]},{"ancestorTitles":["sanitize utilities"],"fullName":"sanitize utilities sanitizeNumber handles non-numeric and respects min/max","status":"passed","title":"sanitizeNumber handles non-numeric and respects min/max","duration":0.9588999999996304,"failureMessages":[],"meta":{},"tags":[]}],"startTime":1780242408745,"endTime":1780242408787.959,"status":"passed","message":"","name":"C:/Users/scp_i/.gemini/antigravity/scratch/proman/lib/utils/sanitize.test.ts"},{"assertionResults":[{"ancestorTitles":["exported constants"],"fullName":"exported constants PT renda acess├¡vel threshold is 2300","status":"passed","title":"PT renda acess├¡vel threshold is 2300","duration":5.508200000000215,"failureMessages":[],"meta":{},"tags":[]},{"ancestorTitles":["exported constants"],"fullName":"exported constants PT renda acess├¡vel rate is 10%","status":"passed","title":"PT renda acess├¡vel rate is 10%","duration":2.0255000000006476,"failureMessages":[],"meta":{},"tags":[]},{"ancestorTitles":["exported constants"],"fullName":"exported constants ES deduction tiers match legal values","status":"passed","title":"ES deduction tiers match legal values","duration":1.6759000000001834,"failureMessages":[],"meta":{},"tags":[]},{"ancestorTitles":["exported constants"],"fullName":"exported constants grandes tenedores thresholds are 5 (stressed) and 10 (general)","status":"passed","title":"grandes tenedores thresholds are 5 (stressed) and 10 (general)","duration":0.7051999999994223,"failureMessages":[],"meta":{},"tags":[]},{"ancestorTitles":["TaxCalculator.isGrandesTenedores"],"fullName":"TaxCalculator.isGrandesTenedores returns true when stressed-zone units ÔëÑ 5","status":"passed","title":"returns true when stressed-zone units ÔëÑ 5","duration":0.6454999999996289,"failureMessages":[],"meta":{},"tags":[]},{"ancestorTitles":["TaxCalculator.isGrandesTenedores"],"fullName":"TaxCalculator.isGrandesTenedores returns true when total units ÔëÑ 10 (even with 0 stressed)","status":"passed","title":"returns true when total units ÔëÑ 10 (even with 0 stressed)","duration":0.5342000000000553,"failureMessages":[],"meta":{},"tags":[]},{"ancestorTitles":["TaxCalculator.isGrandesTenedores"],"fullName":"TaxCalculator.isGrandesTenedores returns false when below both thresholds","status":"passed","title":"returns false when below both thresholds","duration":0.4011000000000422,"failureMessages":[],"meta":{},"tags":[]},{"ancestorTitles":["TaxCalculator.isGrandesTenedores"],"fullName":"TaxCalculator.isGrandesTenedores returns false for 0 units","status":"passed","title":"returns false for 0 units","duration":0.3482000000003609,"failureMessages":[],"meta":{},"tags":[]},{"ancestorTitles":["TaxCalculator.isGrandesTenedores"],"fullName":"TaxCalculator.isGrandesTenedores boundary: exactly 9 total units and 4 stressed ÔåÆ false","status":"passed","title":"boundary: exactly 9 total units and 4 stressed ÔåÆ false","duration":1.0319999999992433,"failureMessages":[],"meta":{},"tags":[]},{"ancestorTitles":["TaxCalculator.validateRentCap"],"fullName":"TaxCalculator.validateRentCap allows any rent when not in zona tensionada","status":"passed","title":"allows any rent when not in zona tensionada","duration":1.0370999999995547,"failureMessages":[],"meta":{},"tags":[]},{"ancestorTitles":["TaxCalculator.validateRentCap"],"fullName":"TaxCalculator.validateRentCap existing contract in zona tensionada (year 2025): 2% cap","status":"passed","title":"existing contract in zona tensionada (year 2025): 2% cap","duration":0.7655000000004293,"failureMessages":[],"meta":{},"tags":[]},{"ancestorTitles":["TaxCalculator.validateRentCap"],"fullName":"TaxCalculator.validateRentCap existing contract in zona tensionada (year 2024): 3% cap","status":"passed","title":"existing contract in zona tensionada (year 2024): 3% cap","duration":0.380500000000211,"failureMessages":[],"meta":{},"tags":[]},{"ancestorTitles":["TaxCalculator.validateRentCap"],"fullName":"TaxCalculator.validateRentCap new contract + gran tenedor + MITMA index: capped at MITMA","status":"passed","title":"new contract + gran tenedor + MITMA index: capped at MITMA","duration":0.5670000000000073,"failureMessages":[],"meta":{},"tags":[]},{"ancestorTitles":["TaxCalculator.validateRentCap"],"fullName":"TaxCalculator.validateRentCap new contract + gran tenedor + MITMA: allowed when under cap","status":"passed","title":"new contract + gran tenedor + MITMA: allowed when under cap","duration":0.3043999999999869,"failureMessages":[],"meta":{},"tags":[]},{"ancestorTitles":["TaxCalculator.validateRentCap"],"fullName":"TaxCalculator.validateRentCap new contract + non-gran-tenedor + prior rent: capped at prior + index","status":"passed","title":"new contract + non-gran-tenedor + prior rent: capped at prior + index","duration":0.3704999999999927,"failureMessages":[],"meta":{},"tags":[]},{"ancestorTitles":["TaxCalculator.validateRentCap"],"fullName":"TaxCalculator.validateRentCap new contract + no prior rent + MITMA only: capped at MITMA","status":"passed","title":"new contract + no prior rent + MITMA only: capped at MITMA","duration":0.7292999999999665,"failureMessages":[],"meta":{},"tags":[]},{"ancestorTitles":["TaxCalculator.validateRentCap"],"fullName":"TaxCalculator.validateRentCap new contract + zona tensionada + no prior rent + no MITMA: insufficient data fallback","status":"passed","title":"new contract + zona tensionada + no prior rent + no MITMA: insufficient data fallback","duration":0.6142999999992753,"failureMessages":[],"meta":{},"tags":[]},{"ancestorTitles":["TaxCalculator.calculateTax ÔÇö Portugal"],"fullName":"TaxCalculator.calculateTax ÔÇö Portugal renda acess├¡vel below threshold ÔåÆ flat 10%, no deductions","status":"passed","title":"renda acess├¡vel below threshold ÔåÆ flat 10%, no deductions","duration":2.614400000000387,"failureMessages":[],"meta":{},"tags":[]},{"ancestorTitles":["TaxCalculator.calculateTax ÔÇö Portugal"],"fullName":"TaxCalculator.calculateTax ÔÇö Portugal renda acess├¡vel when monthlyRent derived from annual income","status":"passed","title":"renda acess├¡vel when monthlyRent derived from annual income","duration":0.3845000000001164,"failureMessages":[],"meta":{},"tags":[]},{"ancestorTitles":["TaxCalculator.calculateTax ÔÇö Portugal"],"fullName":"TaxCalculator.calculateTax ÔÇö Portugal renda acess├¡vel above threshold ÔåÆ falls through to standard brackets with warning","status":"failed","title":"renda acess├¡vel above threshold ÔåÆ falls through to standard brackets with warning","duration":17.94760000000042,"failureMessages":["AssertionError: expected [ ÔÇª(2) ] to have a length of 1 but got 2\n    at Proxy.<anonymous> (file:///C:/Users/scp_i/.gemini/antigravity/scratch/proman/node_modules/@vitest/expect/dist/index.js:1389:20)\n    at Proxy.<anonymous> (file:///C:/Users/scp_i/.gemini/antigravity/scratch/proman/node_modules/@vitest/expect/dist/index.js:1156:15)\n    at Proxy.methodWrapper (file:///C:/Users/scp_i/.gemini/antigravity/scratch/proman/node_modules/chai/index.js:1700:25)\n    at C:/Users/scp_i/.gemini/antigravity/scratch/proman/lib/utils/tax-calculator.test.ts:206:29\n    at file:///C:/Users/scp_i/.gemini/antigravity/scratch/proman/node_modules/@vitest/runner/dist/chunk-artifact.js:302:11\n    at file:///C:/Users/scp_i/.gemini/antigravity/scratch/proman/node_modules/@vitest/runner/dist/chunk-artifact.js:1903:26\n    at file:///C:/Users/scp_i/.gemini/antigravity/scratch/proman/node_modules/@vitest/runner/dist/chunk-artifact.js:2326:20\n    at new Promise (<anonymous>)\n    at runWithCancel (file:///C:/Users/scp_i/.gemini/antigravity/scratch/proman/node_modules/@vitest/runner/dist/chunk-artifact.js:2323:10)\n    at file:///C:/Users/scp_i/.gemini/antigravity/scratch/proman/node_modules/@vitest/runner/dist/chunk-artifact.js:2305:20"],"meta":{},"tags":[]},{"ancestorTitles":["TaxCalculator.calculateTax ÔÇö Portugal"],"fullName":"TaxCalculator.calculateTax ÔÇö Portugal standard brackets: expenses capped at 15% of gross","status":"failed","title":"standard brackets: expenses capped at 15% of gross","duration":1.5887000000002445,"failureMessages":["AssertionError: expected 7000 to be close to 10200, received difference is 3200, but expected 0.005\n    at C:/Users/scp_i/.gemini/antigravity/scratch/proman/lib/utils/tax-calculator.test.ts:219:34\n    at file:///C:/Users/scp_i/.gemini/antigravity/scratch/proman/node_modules/@vitest/runner/dist/chunk-artifact.js:302:11\n    at file:///C:/Users/scp_i/.gemini/antigravity/scratch/proman/node_modules/@vitest/runner/dist/chunk-artifact.js:1903:26\n    at file:///C:/Users/scp_i/.gemini/antigravity/scratch/proman/node_modules/@vitest/runner/dist/chunk-artifact.js:2326:20\n    at new Promise (<anonymous>)\n    at runWithCancel (file:///C:/Users/scp_i/.gemini/antigravity/scratch/proman/node_modules/@vitest/runner/dist/chunk-artifact.js:2323:10)\n    at file:///C:/Users/scp_i/.gemini/antigravity/scratch/proman/node_modules/@vitest/runner/dist/chunk-artifact.js:2305:20\n    at new Promise (<anonymous>)\n    at runWithTimeout (file:///C:/Users/scp_i/.gemini/antigravity/scratch/proman/node_modules/@vitest/runner/dist/chunk-artifact.js:2272:10)\n    at file:///C:/Users/scp_i/.gemini/antigravity/scratch/proman/node_modules/@vitest/runner/dist/chunk-artifact.js:2955:64"],"meta":{},"tags":[]},{"ancestorTitles":["TaxCalculator.calculateTax ÔÇö Portugal"],"fullName":"TaxCalculator.calculateTax ÔÇö Portugal standard brackets: expenses below 15% cap are fully deducted","status":"passed","title":"standard brackets: expenses below 15% cap are fully deducted","duration":0.46339999999963766,"failureMessages":[],"meta":{},"tags":[]},{"ancestorTitles":["TaxCalculator.calculateTax ÔÇö Portugal"],"fullName":"TaxCalculator.calculateTax ÔÇö Portugal ownership bonus reduces tax: 1 year = 5% reduction","status":"failed","title":"ownership bonus reduces tax: 1 year = 5% reduction","duration":1.5909999999994398,"failureMessages":["AssertionError: expected 1614.1075 to be close to 1533.402125, received difference is 80.705375, but expected 0.005\n    at C:/Users/scp_i/.gemini/antigravity/scratch/proman/lib/utils/tax-calculator.test.ts:231:31\n    at file:///C:/Users/scp_i/.gemini/antigravity/scratch/proman/node_modules/@vitest/runner/dist/chunk-artifact.js:302:11\n    at file:///C:/Users/scp_i/.gemini/antigravity/scratch/proman/node_modules/@vitest/runner/dist/chunk-artifact.js:1903:26\n    at file:///C:/Users/scp_i/.gemini/antigravity/scratch/proman/node_modules/@vitest/runner/dist/chunk-artifact.js:2326:20\n    at new Promise (<anonymous>)\n    at runWithCancel (file:///C:/Users/scp_i/.gemini/antigravity/scratch/proman/node_modules/@vitest/runner/dist/chunk-artifact.js:2323:10)\n    at file:///C:/Users/scp_i/.gemini/antigravity/scratch/proman/node_modules/@vitest/runner/dist/chunk-artifact.js:2305:20\n    at new Promise (<anonymous>)\n    at runWithTimeout (file:///C:/Users/scp_i/.gemini/antigravity/scratch/proman/node_modules/@vitest/runner/dist/chunk-artifact.js:2272:10)\n    at file:///C:/Users/scp_i/.gemini/antigravity/scratch/proman/node_modules/@vitest/runner/dist/chunk-artifact.js:2955:64"],"meta":{},"tags":[]},{"ancestorTitles":["TaxCalculator.calculateTax ÔÇö Portugal"],"fullName":"TaxCalculator.calculateTax ÔÇö Portugal ownership bonus is capped at 15% (3+ years)","status":"passed","title":"ownership bonus is capped at 15% (3+ years)","duration":0.628500000000713,"failureMessages":[],"meta":{},"tags":[]},{"ancestorTitles":["TaxCalculator.calculateTax ÔÇö Portugal"],"fullName":"TaxCalculator.calculateTax ÔÇö Portugal zero income ÔåÆ zero tax and zero effectiveRate","status":"passed","title":"zero income ÔåÆ zero tax and zero effectiveRate","duration":0.6193999999995867,"failureMessages":[],"meta":{},"tags":[]},{"ancestorTitles":["TaxCalculator.calculateTax ÔÇö Portugal"],"fullName":"TaxCalculator.calculateTax ÔÇö Portugal quarterlyPayment is taxAmount / 4","status":"passed","title":"quarterlyPayment is taxAmount / 4","duration":0.5875999999998385,"failureMessages":[],"meta":{},"tags":[]},{"ancestorTitles":["TaxCalculator.calculateTax ÔÇö Portugal"],"fullName":"TaxCalculator.calculateTax ÔÇö Portugal appliedRegime is portugal_categoria_f_standard for standard path","status":"passed","title":"appliedRegime is portugal_categoria_f_standard for standard path","duration":0.7743000000000393,"failureMessages":[],"meta":{},"tags":[]},{"ancestorTitles":["TaxCalculator.calculateTax ÔÇö Spain"],"fullName":"TaxCalculator.calculateTax ÔÇö Spain outside stressed zone: 50% BASE deduction applied","status":"passed","title":"outside stressed zone: 50% BASE deduction applied","duration":1.4585000000006403,"failureMessages":[],"meta":{},"tags":[]},{"ancestorTitles":["TaxCalculator.calculateTax ÔÇö Spain"],"fullName":"TaxCalculator.calculateTax ÔÇö Spain stressed zone + isRentReducedVsPrior: 90% deduction (highest tier)","status":"passed","title":"stressed zone + isRentReducedVsPrior: 90% deduction (highest tier)","duration":0.684400000000096,"failureMessages":[],"meta":{},"tags":[]},{"ancestorTitles":["TaxCalculator.calculateTax ÔÇö Spain"],"fullName":"TaxCalculator.calculateTax ÔÇö Spain stressed zone + tenant age 18-35: 70% deduction","status":"passed","title":"stressed zone + tenant age 18-35: 70% deduction","duration":0.4456000000000131,"failureMessages":[],"meta":{},"tags":[]},{"ancestorTitles":["TaxCalculator.calculateTax ÔÇö Spain"],"fullName":"TaxCalculator.calculateTax ÔÇö Spain stressed zone + rehabilitated: 60% deduction","status":"passed","title":"stressed zone + rehabilitated: 60% deduction","duration":0.5460000000002765,"failureMessages":[],"meta":{},"tags":[]},{"ancestorTitles":["TaxCalculator.calculateTax ÔÇö Spain"],"fullName":"TaxCalculator.calculateTax ÔÇö Spain stressed zone base (no special qualifier): 50% deduction","status":"passed","title":"stressed zone base (no special qualifier): 50% deduction","duration":0.34469999999964784,"failureMessages":[],"meta":{},"tags":[]},{"ancestorTitles":["TaxCalculator.calculateTax ÔÇö Spain"],"fullName":"TaxCalculator.calculateTax ÔÇö Spain 90% tier takes priority over 70% even when both qualifiers present","status":"passed","title":"90% tier takes priority over 70% even when both qualifiers present","duration":0.4036999999998443,"failureMessages":[],"meta":{},"tags":[]},{"ancestorTitles":["TaxCalculator.calculateTax ÔÇö Spain"],"fullName":"TaxCalculator.calculateTax ÔÇö Spain deductions capped at 50% of gross income","status":"passed","title":"deductions capped at 50% of gross income","duration":0.8454000000001543,"failureMessages":[],"meta":{},"tags":[]},{"ancestorTitles":["TaxCalculator.calculateTax ÔÇö Spain"],"fullName":"TaxCalculator.calculateTax ÔÇö Spain grande tenedor warning included in result","status":"passed","title":"grande tenedor warning included in result","duration":0.6031999999995605,"failureMessages":[],"meta":{},"tags":[]},{"ancestorTitles":["TaxCalculator.calculateTax ÔÇö Spain"],"fullName":"TaxCalculator.calculateTax ÔÇö Spain mortgage interest and community fees are added to deductions","status":"passed","title":"mortgage interest and community fees are added to deductions","duration":0.42709999999988213,"failureMessages":[],"meta":{},"tags":[]},{"ancestorTitles":["TaxCalculator.calculateTax ÔÇö Spain"],"fullName":"TaxCalculator.calculateTax ÔÇö Spain zero income ÔåÆ zero tax","status":"passed","title":"zero income ÔåÆ zero tax","duration":0.5443000000004758,"failureMessages":[],"meta":{},"tags":[]},{"ancestorTitles":["TaxCalculator.calculateTax ÔÇö Spain"],"fullName":"TaxCalculator.calculateTax ÔÇö Spain quarterlyPayment is taxAmount / 4","status":"passed","title":"quarterlyPayment is taxAmount / 4","duration":0.2930000000005748,"failureMessages":[],"meta":{},"tags":[]},{"ancestorTitles":["TaxCalculator.calculateTax ÔÇö unsupported country"],"fullName":"TaxCalculator.calculateTax ÔÇö unsupported country throws for unsupported country code","status":"passed","title":"throws for unsupported country code","duration":1.7209000000002561,"failureMessages":[],"meta":{},"tags":[]},{"ancestorTitles":["TaxCalculator.getTaxBrackets"],"fullName":"TaxCalculator.getTaxBrackets returns 9 PT brackets with rates in percentage form","status":"passed","title":"returns 9 PT brackets with rates in percentage form","duration":0.9184999999997672,"failureMessages":[],"meta":{},"tags":[]},{"ancestorTitles":["TaxCalculator.getTaxBrackets"],"fullName":"TaxCalculator.getTaxBrackets returns 6 ES brackets","status":"passed","title":"returns 6 ES brackets","duration":0.5619999999998981,"failureMessages":[],"meta":{},"tags":[]},{"ancestorTitles":["TaxCalculator.getTaxBrackets"],"fullName":"TaxCalculator.getTaxBrackets accepts full country name 'Portugal'","status":"passed","title":"accepts full country name 'Portugal'","duration":0.4290000000000873,"failureMessages":[],"meta":{},"tags":[]},{"ancestorTitles":["TaxCalculator.getTaxBrackets"],"fullName":"TaxCalculator.getTaxBrackets accepts full country name 'Spain'","status":"passed","title":"accepts full country name 'Spain'","duration":0.5716000000002168,"failureMessages":[],"meta":{},"tags":[]},{"ancestorTitles":["TaxCalculator.getTaxBrackets"],"fullName":"TaxCalculator.getTaxBrackets throws for unknown country code","status":"passed","title":"throws for unknown country code","duration":0.49170000000049185,"failureMessages":[],"meta":{},"tags":[]},{"ancestorTitles":["TaxCalculator.calculateQuarterlyEstimate"],"fullName":"TaxCalculator.calculateQuarterlyEstimate returns a positive number for PT","status":"passed","title":"returns a positive number for PT","duration":0.4054999999998472,"failureMessages":[],"meta":{},"tags":[]},{"ancestorTitles":["TaxCalculator.calculateQuarterlyEstimate"],"fullName":"TaxCalculator.calculateQuarterlyEstimate returns a positive number for ES","status":"passed","title":"returns a positive number for ES","duration":0.2910999999994601,"failureMessages":[],"meta":{},"tags":[]},{"ancestorTitles":["TaxCalculator.calculateQuarterlyEstimate"],"fullName":"TaxCalculator.calculateQuarterlyEstimate quarterly estimate equals annual tax / 4","status":"passed","title":"quarterly estimate equals annual tax / 4","duration":0.2682999999997264,"failureMessages":[],"meta":{},"tags":[]},{"ancestorTitles":["TaxCalculator.formatCurrency"],"fullName":"TaxCalculator.formatCurrency formats EUR with Portuguese locale by default (contains Ôé¼)","status":"passed","title":"formats EUR with Portuguese locale by default (contains Ôé¼)","duration":38.69800000000032,"failureMessages":[],"meta":{},"tags":[]},{"ancestorTitles":["TaxCalculator.formatCurrency"],"fullName":"TaxCalculator.formatCurrency formats GBP","status":"passed","title":"formats GBP","duration":2.01470000000063,"failureMessages":[],"meta":{},"tags":[]},{"ancestorTitles":["TaxCalculator.formatCurrency"],"fullName":"TaxCalculator.formatCurrency formats USD (other currency)","status":"passed","title":"formats USD (other currency)","duration":0.6147000000000844,"failureMessages":[],"meta":{},"tags":[]},{"ancestorTitles":["TaxCalculator.formatCurrency"],"fullName":"TaxCalculator.formatCurrency accepts explicit locale override","status":"passed","title":"accepts explicit locale override","duration":0.5444999999999709,"failureMessages":[],"meta":{},"tags":[]},{"ancestorTitles":["TaxCalculator.formatCurrency"],"fullName":"TaxCalculator.formatCurrency handles zero amount","status":"passed","title":"handles zero amount","duration":0.431999999999789,"failureMessages":[],"meta":{},"tags":[]}],"startTime":1780242377712,"endTime":1780242377814.432,"status":"failed","message":"","name":"C:/Users/scp_i/.gemini/antigravity/scratch/proman/lib/utils/tax-calculator.test.ts"},{"assertionResults":[{"ancestorTitles":["cn utility"],"fullName":"cn utility merges and returns class names","status":"passed","title":"merges and returns class names","duration":17.739000000000487,"failureMessages":[],"meta":{},"tags":[]}],"startTime":1780242410502,"endTime":1780242410519.739,"status":"passed","message":"","name":"C:/Users/scp_i/.gemini/antigravity/scratch/proman/lib/utils/utils.test.ts"},{"assertionResults":[{"ancestorTitles":["Audit Log Service","logAudit"],"fullName":"Audit Log Service logAudit should create an audit log entry with string details","status":"passed","title":"should create an audit log entry with string details","duration":10.527600000000348,"failureMessages":[],"meta":{},"tags":[]},{"ancestorTitles":["Audit Log Service","logAudit"],"fullName":"Audit Log Service logAudit should serialize object details to JSON","status":"passed","title":"should serialize object details to JSON","duration":2.0671000000002095,"failureMessages":[],"meta":{},"tags":[]},{"ancestorTitles":["Audit Log Service","logAudit"],"fullName":"Audit Log Service logAudit should handle null details","status":"passed","title":"should handle null details","duration":1.2520999999997002,"failureMessages":[],"meta":{},"tags":[]},{"ancestorTitles":["Audit Log Service","logAudit"],"fullName":"Audit Log Service logAudit should not throw on database error","status":"passed","title":"should not throw on database error","duration":2.7857999999996537,"failureMessages":[],"meta":{},"tags":[]},{"ancestorTitles":["Audit Log Service","getAuditLogsForUser"],"fullName":"Audit Log Service getAuditLogsForUser should return audit logs for a user","status":"passed","title":"should return audit logs for a user","duration":2.2368999999998778,"failureMessages":[],"meta":{},"tags":[]},{"ancestorTitles":["Audit Log Service","deleteAuditLogsForUser"],"fullName":"Audit Log Service deleteAuditLogsForUser should delete audit logs and return count","status":"passed","title":"should delete audit logs and return count","duration":1.7956999999996697,"failureMessages":[],"meta":{},"tags":[]},{"ancestorTitles":["Audit Log Service","createAuditMiddleware"],"fullName":"Audit Log Service createAuditMiddleware should create a middleware function that logs audits","status":"passed","title":"should create a middleware function that logs audits","duration":0.9218000000000757,"failureMessages":[],"meta":{},"tags":[]}],"startTime":1780242410012,"endTime":1780242410034.9219,"status":"passed","message":"","name":"C:/Users/scp_i/.gemini/antigravity/scratch/proman/lib/services/audit-log.test.ts"},{"assertionResults":[{"ancestorTitles":["Invoice Service","getAll"],"fullName":"Invoice Service getAll INV-001: Should retrieve all invoices for user","status":"passed","title":"INV-001: Should retrieve all invoices for user","duration":11.518599999999424,"failureMessages":[],"meta":{},"tags":[]},{"ancestorTitles":["Invoice Service","getAll"],"fullName":"Invoice Service getAll INV-002: Should return empty array when no invoices","status":"passed","title":"INV-002: Should return empty array when no invoices","duration":2.5596000000005006,"failureMessages":[],"meta":{},"tags":[]},{"ancestorTitles":["Invoice Service","getAll"],"fullName":"Invoice Service getAll INV-003: Should include property, tenant, owner names","status":"passed","title":"INV-003: Should include property, tenant, owner names","duration":1.1846999999997934,"failureMessages":[],"meta":{},"tags":[]},{"ancestorTitles":["Invoice Service","getAll"],"fullName":"Invoice Service getAll INV-004: Should parse metadata JSON","status":"passed","title":"INV-004: Should parse metadata JSON","duration":0.8600000000005821,"failureMessages":[],"meta":{},"tags":[]},{"ancestorTitles":["Invoice Service","getAll"],"fullName":"Invoice Service getAll INV-005: Should format dates correctly","status":"passed","title":"INV-005: Should format dates correctly","duration":1.3231999999998152,"failureMessages":[],"meta":{},"tags":[]},{"ancestorTitles":["Invoice Service","getById"],"fullName":"Invoice Service getById INV-006: Should retrieve invoice by ID","status":"passed","title":"INV-006: Should retrieve invoice by ID","duration":1.0901000000003478,"failureMessages":[],"meta":{},"tags":[]},{"ancestorTitles":["Invoice Service","getById"],"fullName":"Invoice Service getById INV-007: Should return null if not found","status":"passed","title":"INV-007: Should return null if not found","duration":0.8760000000002037,"failureMessages":[],"meta":{},"tags":[]},{"ancestorTitles":["Invoice Service","getById"],"fullName":"Invoice Service getById INV-008: Should verify user access","status":"passed","title":"INV-008: Should verify user access","duration":1.6100999999998749,"failureMessages":[],"meta":{},"tags":[]},{"ancestorTitles":["Invoice Service","getById"],"fullName":"Invoice Service getById INV-009: Should parse metadata when present","status":"passed","title":"INV-009: Should parse metadata when present","duration":1.7364999999999782,"failureMessages":[],"meta":{},"tags":[]},{"ancestorTitles":["Invoice Service","getById"],"fullName":"Invoice Service getById INV-010: Should handle null metadata","status":"passed","title":"INV-010: Should handle null metadata","duration":1.3658999999997832,"failureMessages":[],"meta":{},"tags":[]},{"ancestorTitles":["Invoice Service","create"],"fullName":"Invoice Service create INV-011: Should create new invoice with generated number","status":"passed","title":"INV-011: Should create new invoice wit
[...]
ratch/proman/node_modules/chai/index.js:1700:25)\n    at C:/Users/scp_i/.gemini/antigravity/scratch/proman/app/api/compliance/nrua/route.test.ts:101:35\n    at processTicksAndRejections (node:internal/process/task_queues:105:5)\n    at file:///C:/Users/scp_i/.gemini/antigravity/scratch/proman/node_modules/@vitest/runner/dist/chunk-artifact.js:1903:20"],"meta":{},"tags":[]}],"startTime":1780242378331,"endTime":1780242378376.0916,"status":"failed","message":"","name":"C:/Users/scp_i/.gemini/antigravity/scratch/proman/app/api/compliance/nrua/route.test.ts"},{"assertionResults":[{"ancestorTitles":["Compliance rent cap route"],"fullName":"Compliance rent cap route audits invalid proposedMonthlyRent requests","status":"passed","title":"audits invalid proposedMonthlyRent requests","duration":29.12169999999969,"failureMessages":[],"meta":{},"tags":[]},{"ancestorTitles":["Compliance rent cap route"],"fullName":"Compliance rent cap route audits successful rent cap validations","status":"passed","title":"audits successful rent cap validations","duration":4.99120000000039,"failureMessages":[],"meta":{},"tags":[]}],"startTime":1780242409376,"endTime":1780242409410.9912,"status":"passed","message":"","name":"C:/Users/scp_i/.gemini/antigravity/scratch/proman/app/api/compliance/rent-cap/route.test.ts"},{"assertionResults":[{"ancestorTitles":["Compliance rent receipts route"],"fullName":"Compliance rent receipts route audits GET /api/compliance/rent-receipts","status":"passed","title":"audits GET /api/compliance/rent-receipts","duration":23.497800000000097,"failureMessages":[],"meta":{},"tags":[]},{"ancestorTitles":["Compliance rent receipts route"],"fullName":"Compliance rent receipts route audits POST /api/compliance/rent-receipts including failed creation details","status":"failed","title":"audits POST /api/compliance/rent-receipts including failed creation details","duration":22.71060000000034,"failureMessages":["AssertionError: expected \"vi.fn()\" to be called with arguments: [ ObjectContaining{ÔÇª} ]\u001b[90m\n\nNumber of calls: \u001b[1m0\u001b[22m\n\u001b[39m\n    at Proxy.<anonymous> (file:///C:/Users/scp_i/.gemini/antigravity/scratch/proman/node_modules/@vitest/expect/dist/index.js:1487:10)\n    at Proxy.<anonymous> (file:///C:/Users/scp_i/.gemini/antigravity/scratch/proman/node_modules/@vitest/expect/dist/index.js:1156:15)\n    at Proxy.methodWrapper (file:///C:/Users/scp_i/.gemini/antigravity/scratch/proman/node_modules/chai/index.js:1700:25)\n    at C:/Users/scp_i/.gemini/antigravity/scratch/proman/app/api/compliance/rent-receipts/route.test.ts:74:26\n    at processTicksAndRejections (node:internal/process/task_queues:105:5)\n    at file:///C:/Users/scp_i/.gemini/antigravity/scratch/proman/node_modules/@vitest/runner/dist/chunk-artifact.js:1903:20"],"meta":{},"tags":[]}],"startTime":1780242378331,"endTime":1780242378376.7107,"status":"failed","message":"","name":"C:/Users/scp_i/.gemini/antigravity/scratch/proman/app/api/compliance/rent-receipts/route.test.ts"},{"assertionResults":[{"ancestorTitles":["Properties API - GET /api/properties/[id]"],"fullName":"Properties API - GET /api/properties/[id] should return property when authenticated and authorized","status":"passed","title":"should return property when authenticated and authorized","duration":18.209600000000137,"failureMessages":[],"meta":{},"tags":[]},{"ancestorTitles":["Properties API - GET /api/properties/[id]"],"fullName":"Properties API - GET /api/properties/[id] should return 401 when not authenticated","status":"passed","title":"should return 401 when not authenticated","duration":1.7869000000000597,"failureMessages":[],"meta":{},"tags":[]},{"ancestorTitles":["Properties API - GET /api/properties/[id]"],"fullName":"Properties API - GET /api/properties/[id] should return 400 when id is missing","status":"passed","title":"should return 400 when id is missing","duration":1.9286000000001877,"failureMessages":[],"meta":{},"tags":[]},{"ancestorTitles":["Properties API - GET /api/properties/[id]"],"fullName":"Properties API - GET /api/properties/[id] should return 404 when property not found","status":"passed","title":"should return 404 when property not found","duration":1.5122999999994136,"failureMessages":[],"meta":{},"tags":[]},{"ancestorTitles":["Properties API - GET /api/properties/[id]"],"fullName":"Properties API - GET /api/properties/[id] should return 404 for non-existent ID","status":"passed","title":"should return 404 for non-existent ID","duration":1.5741000000007261,"failureMessages":[],"meta":{},"tags":[]},{"ancestorTitles":["Properties API - GET /api/properties/[id]"],"fullName":"Properties API - GET /api/properties/[id] should handle promise-based params","status":"passed","title":"should handle promise-based params","duration":2.9575999999997293,"failureMessages":[],"meta":{},"tags":[]},{"ancestorTitles":["Properties API - GET /api/properties/[id]"],"fullName":"Properties API - GET /api/properties/[id] should include all property fields in response","status":"passed","title":"should include all property fields in response","duration":1.2479999999995925,"failureMessages":[],"meta":{},"tags":[]},{"ancestorTitles":["Properties API - PUT /api/properties/[id]"],"fullName":"Properties API - PUT /api/properties/[id] should update property with valid data","status":"passed","title":"should update property with valid data","duration":8.41229999999996,"failureMessages":[],"meta":{},"tags":[]},{"ancestorTitles":["Properties API - PUT /api/properties/[id]"],"fullName":"Properties API - PUT /api/properties/[id] should return 401 when not authenticated","status":"passed","title":"should return 401 when not authenticated","duration":3.0060999999996056,"failureMessages":[],"meta":{},"tags":[]},{"ancestorTitles":["Properties API - PUT /api/properties/[id]"],"fullName":"Properties API - PUT /api/properties/[id] should return 404 when property not found","status":"passed","title":"should return 404 when property not found","duration":2.106999999999971,"failureMessages":[],"meta":{},"tags":[]},{"ancestorTitles":["Properties API - PUT /api/properties/[id]"],"fullName":"Properties API - PUT /api/properties/[id] should validate partial updates","status":"passed","title":"should validate partial updates","duration":3.0950000000002547,"failureMessages":[],"meta":{},"tags":[]},{"ancestorTitles":["Properties API - PUT /api/properties/[id]"],"fullName":"Properties API - PUT /api/properties/[id] should sanitize update input","status":"passed","title":"should sanitize update input","duration":2.1283999999996013,"failureMessages":[],"meta":{},"tags":[]},{"ancestorTitles":["Properties API - PUT /api/properties/[id]"],"fullName":"Properties API - PUT /api/properties/[id] should validate bedrooms range on update","status":"passed","title":"should validate bedrooms range on update","duration":2.4967999999998938,"failureMessages":[],"meta":{},"tags":[]},{"ancestorTitles":["Properties API - PUT /api/properties/[id]"],"fullName":"Properties API - PUT /api/properties/[id] should return 400 for missing required id","status":"passed","title":"should return 400 for missing required id","duration":1.1186999999999898,"failureMessages":[],"meta":{},"tags":[]},{"ancestorTitles":["Properties API - PUT /api/properties/[id]"],"fullName":"Properties API - PUT /api/properties/[id] should allow empty body (no changes)","status":"passed","title":"should allow empty body (no changes)","duration":1.3710000000000946,"failureMessages":[],"meta":{},"tags":[]},{"ancestorTitles":["Properties API - DELETE /api/properties/[id]"],"fullName":"Properties API - DELETE /api/properties/[id] should delete property when authenticated","status":"passed","title":"should delete property when authenticated","duration":1.324999999999818,"failureMessages":[],"meta":{},"tags":[]},{"ancestorTitles":["Properties API - DELETE /api/properties/[id]"],"fullName":"Properties API - DELETE /api/properties/[id] should return 401 when not authenticated","status":"passed","title":"should return 401 when not authenticated","duration":0.7211999999999534,"failureMessages":[],"meta":{},"tags":[]},{"ancestorTitles":["Properties API - DELETE /api/properties/[id]"],"fullName":"Properties API - DELETE /api/properties/[id] should return 404 when property not found","status":"passed","title":"should return 404 when property not found","duration":0.6520000000000437,"failureMessages":[],"meta":{},"tags":[]},{"ancestorTitles":["Properties API - DELETE /api/properties/[id]"],"fullName":"Properties API - DELETE /api/properties/[id] should return 400 when id is missing","status":"passed","title":"should return 400 when id is missing","duration":0.5731999999998152,"failureMessages":[],"meta":{},"tags":[]},{"ancestorTitles":["Properties API - DELETE /api/properties/[id]"],"fullName":"Properties API - DELETE /api/properties/[id] should cascade delete related records (tenants, leases, invoices)","status":"passed","title":"should cascade delete related records (tenants, leases, invoices)","duration":0.6714000000001761,"failureMessages":[],"meta":{},"tags":[]},{"ancestorTitles":["Properties API - DELETE /api/properties/[id]"],"fullName":"Properties API - DELETE /api/properties/[id] should handle promise-based params","status":"passed","title":"should handle promise-based params","duration":0.8549000000002707,"failureMessages":[],"meta":{},"tags":[]},{"ancestorTitles":["Properties API - DELETE /api/properties/[id]"],"fullName":"Properties API - DELETE /api/properties/[id] should prevent deletion of non-owned properties","status":"passed","title":"should prevent deletion of non-owned properties","duration":0.7662000000000262,"failureMessages":[],"meta":{},"tags":[]}],"startTime":1780242401558,"endTime":1780242401618.766,"status":"passed","message":"","name":"C:/Users/scp_i/.gemini/antigravity/scratch/proman/app/api/properties/[id]/properties-id.test.ts"},{"assertionResults":[{"ancestorTitles":["Tenants API - GET /api/tenants/[id]"],"fullName":"Tenants API - GET /api/tenants/[id] should return tenant when authenticated and authorized","status":"passed","title":"should return tenant when authenticated and authorized","duration":15.295600000000377,"failureMessages":[],"meta":{},"tags":[]},{"ancestorTitles":["Tenants API - GET /api/tenants/[id]"],"fullName":"Tenants API - GET /api/tenants/[id] should return 401 when not authenticated","status":"passed","title":"should return 401 when not authenticated","duration":2.341099999999642,"failureMessages":[],"meta":{},"tags":[]},{"ancestorTitles":["Tenants API - GET /api/tenants/[id]"],"fullName":"Tenants API - GET /api/tenants/[id] should return 400 when id is missing","status":"passed","title":"should return 400 when id is missing","duration":2.610200000000077,"failureMessages":[],"meta":{},"tags":[]},{"ancestorTitles":["Tenants API - GET /api/tenants/[id]"],"fullName":"Tenants API - GET /api/tenants/[id] should return 404 when tenant not found","status":"passed","title":"should return 404 when tenant not found","duration":1.7971999999999753,"failureMessages":[],"meta":{},"tags":[]},{"ancestorTitles":["Tenants API - GET /api/tenants/[id]"],"fullName":"Tenants API - GET /api/tenants/[id] should include all tenant fields in response","status":"passed","title":"should include all tenant fields in response","duration":1.5540000000000873,"failureMessages":[],"meta":{},"tags":[]},{"ancestorTitles":["Tenants API - GET /api/tenants/[id]"],"fullName":"Tenants API - GET /api/tenants/[id] should handle promise-based params","status":"passed","title":"should handle promise-based params","duration":2.9543000000003303,"failureMessages":[],"meta":{},"tags":[]},{"ancestorTitles":["Tenants API - GET /api/tenants/[id]"],"fullName":"Tenants API - GET /api/tenants/[id] should prevent access to other user's tenants","status":"passed","title":"should prevent access to other user's tenants","duration":1.3033000000004904,"failureMessages":[],"meta":{},"tags":[]},{"ancestorTitles":["Tenants API - PUT /api/tenants/[id]"],"fullName":"Tenants API - PUT /api/tenants/[id] should update tenant with valid data","status":"passed","title":"should update tenant with valid data","duration":8.222200000000157,"failureMessages":[],"meta":{},"tags":[]},{"ancestorTitles":["Tenants API - PUT /api/tenants/[id]"],"fullName":"Tenants API - PUT /api/tenants/[id] should return 401 when not authenticated","status":"passed","title":"should return 401 when not authenticated","duration":2.7583999999997104,"failureMessages":[],"meta":{},"tags":[]},{"ancestorTitles":["Tenants API - PUT /api/tenants/[id]"],"fullName":"Tenants API - PUT /api/tenants/[id] should return 404 when tenant not found","status":"passed","title":"should return 404 when tenant not found","duration":1.5021999999999025,"failureMessages":[],"meta":{},"tags":[]},{"ancestorTitles":["Tenants API - PUT /api/tenants/[id]"],"fullName":"Tenants API - PUT /api/tenants/[id] should validate email format on update","status":"passed","title":"should validate email format on update","duration":3.0951999999997497,"failureMessages":[],"meta":{},"tags":[]},{"ancestorTitles":["Tenants API - PUT /api/tenants/[id]"],"fullName":"Tenants API - PUT /api/tenants/[id] should validate rent is positive on update","status":"passed","title":"should validate rent is positive on update","duration":2.0171999999993204,"failureMessages":[],"meta":{},"tags":[]},{"ancestorTitles":["Tenants API - PUT /api/tenants/[id]"],"fullName":"Tenants API - PUT /api/tenants/[id] should sanitize update input","status":"passed","title":"should sanitize update input","duration":1.6902000000000044,"failureMessages":[],"meta":{},"tags":[]},{"ancestorTitles":["Tenants API - PUT /api/tenants/[id]"],"fullName":"Tenants API - PUT /api/tenants/[id] should allow partial updates","status":"passed","title":"should allow partial updates","duration":1.5994000000000597,"failureMessages":[],"meta":{},"tags":[]},{"ancestorTitles":["Tenants API - PUT /api/tenants/[id]"],"fullName":"Tenants API - PUT /api/tenants/[id] should return 400 for missing id","status":"passed","title":"should return 400 for missing id","duration":0.8808000000008178,"failureMessages":[],"meta":{},"tags":[]},{"ancestorTitles":["Tenants API - DELETE /api/tenants/[id]"],"fullName":"Tenants API - DELETE /api/tenants/[id] should delete tenant when authenticated","status":"passed","title":"should delete tenant when authenticated","duration":1.3605999999999767,"failureMessages":[],"meta":{},"tags":[]},{"ancestorTitles":["Tenants API - DELETE /api/tenants/[id]"],"fullName":"Tenants API - DELETE /api/tenants/[id] should return 401 when not authenticated","status":"passed","title":"should return 401 when not authenticated","duration":0.7960000000002765,"failureMessages":[],"meta":{},"tags":[]},{"ancestorTitles":["Tenants API - DELETE /api/tenants/[id]"],"fullName":"Tenants API - DELETE /api/tenants/[id] should return 404 when tenant not found","status":"passed","title":"should return 404 when tenant not found","duration":0.6826000000000931,"failureMessages":[],"meta":{},"tags":[]},{"ancestorTitles":["Tenants API - DELETE /api/tenants/[id]"],"fullName":"Tenants API - DELETE /api/tenants/[id] should return 400 when id is missing","status":"passed","title":"should return 400 when id is missing","duration":0.6414999999997235,"failureMessages":[],"meta":{},"tags":[]},{"ancestorTitles":["Tenants API - DELETE /api/tenants/[id]"],"fullName":"Tenants API - DELETE /api/tenants/[id] should cascade delete related leases and invoices","status":"passed","title":"should cascade delete related leases and invoices","duration":0.7434999999995853,"failureMessages":[],"meta":{},"tags":[]},{"ancestorTitles":["Tenants API - DELETE /api/tenants/[id]"],"fullName":"Tenants API - DELETE /api/tenants/[id] should handle promise-based params","status":"passed","title":"should handle promise-based params","duration":0.9286999999994805,"failureMessages":[],"meta":{},"tags":[]},{"ancestorTitles":["Tenants API - DELETE /api/tenants/[id]"],"fullName":"Tenants API - DELETE /api/tenants/[id] should prevent deletion of other user's tenants","status":"passed","title":"should prevent deletion of other user's tenants","duration":0.881800000000112,"failureMessages":[],"meta":{},"tags":[]}],"startTime":1780242404598,"endTime":1780242404654.8818,"status":"passed","message":"","name":"C:/Users/scp_i/.gemini/antigravity/scratch/proman/app/api/tenants/[id]/tenants-id.test.ts"},{"assertionResults":[{"ancestorTitles":["Stripe Webhook Handler","Feature Flags"],"fullName":"Stripe Webhook Handler Feature Flags STRIPE-001: Should check if Stripe is enabled","status":"passed","title":"STRIPE-001: Should check if Stripe is enabled","duration":10.981899999999769,"failureMessages":[],"meta":{},"tags":[]},{"ancestorTitles":["Stripe Webhook Handler","Feature Flags"],"fullName":"Stripe Webhook Handler Feature Flags STRIPE-002: Should return 404 if Stripe disabled","status":"passed","title":"STRIPE-002: Should return 404 if Stripe disabled","duration":2.003299999999399,"failureMessages":[],"meta":{},"tags":[]},{"ancestorTitles":["Stripe Webhook Handler","Feature Flags"],"fullName":"Stripe Webhook Handler Feature Flags STRIPE-003: Should check webhook secret configured","status":"passed","title":"STRIPE-003: Should check webhook secret configured","duration":1.6914999999999054,"failureMessages":[],"meta":{},"tags":[]},{"ancestorTitles":["Stripe Webhook Handler","Feature Flags"],"fullName":"Stripe Webhook Handler Feature Flags STRIPE-004: Should allow when enabled and secret configured","status":"passed","title":"STRIPE-004: Should allow when enabled and secret configured","duration":0.6397999999999229,"failureMessages":[],"meta":{},"tags":[]}],"startTime":1780242411394,"endTime":1780242411408.6914,"status":"passed","message":"","name":"C:/Users/scp_i/.gemini/antigravity/scratch/proman/app/api/webhooks/stripe/stripe.test.ts"},{"assertionResults":[{"ancestorTitles":["SendGrid Webhook Handler"],"fullName":"SendGrid Webhook Handler should process valid delivery events","status":"passed","title":"should process valid delivery events","duration":24.066200000000208,"failureMessages":[],"meta":{},"tags":[]},{"ancestorTitles":["SendGrid Webhook Handler"],"fullName":"SendGrid Webhook Handler should process bounce events","status":"passed","title":"should process bounce events","duration":4.3773999999993976,"failureMessages":[],"meta":{},"tags":[]},{"ancestorTitles":["SendGrid Webhook Handler"],"fullName":"SendGrid Webhook Handler should process multiple events in batch","status":"passed","title":"should process multiple events in batch","duration":3.432699999999386,"failureMessages":[],"meta":{},"tags":[]},{"ancestorTitles":["SendGrid Webhook Handler"],"fullName":"SendGrid Webhook Handler should skip events without required fields","status":"passed","title":"should skip events without required fields","duration":2.6253999999998996,"failureMessages":[],"meta":{},"tags":[]},{"ancestorTitles":["SendGrid Webhook Handler"],"fullName":"SendGrid Webhook Handler should reject invalid JSON","status":"passed","title":"should reject invalid JSON","duration":4.213200000000143,"failureMessages":[],"meta":{},"tags":[]},{"ancestorTitles":["SendGrid Webhook Handler"],"fullName":"SendGrid Webhook Handler should handle single event (not array)","status":"passed","title":"should handle single event (not array)","duration":2.624200000000201,"failureMessages":[],"meta":{},"tags":[]},{"ancestorTitles":["SendGrid Webhook Handler","with signature verification"],"fullName":"SendGrid Webhook Handler with signature verification should reject missing signature headers","status":"passed","title":"should reject missing signature headers","duration":3.5582000000003973,"failureMessages":[],"meta":{},"tags":[]}],"startTime":1780242407290,"endTime":1780242407335.558,"status":"passed","message":"","name":"C:/Users/scp_i/.gemini/antigravity/scratch/proman/app/api/webhooks/sendgrid/sendgrid.test.ts"}]}
